#
# A fatal error has been detected by the Java Runtime Environment:
#
#  EXCEPTION_ACCESS_VIOLATION (0xc0000005) at pc=0x000000000169e868, pid=14028, tid=0x0000000000002be4
#
# JRE version: Java(TM) SE Runtime Environment (8.0_101-b13) (build 1.8.0_101-b13)
# Java VM: Java HotSpot(TM) 64-Bit Server VM (25.101-b13 mixed mode windows-amd64 compressed oops)
# Problematic frame:
# C  0x000000000169e868
#
# Failed to write core dump. Minidumps are not enabled by default on client versions of Windows
#
# If you would like to submit a bug report, please visit:
#   http://bugreport.java.com/bugreport/crash.jsp
# The crash happened outside the Java Virtual Machine in native code.
# See problematic frame for where to report the bug.
#

---------------  T H R E A D  ---------------

Current thread (0x0000000002e04000):  JavaThread "main" [_thread_in_native, id=11236, stack(0x00000000015a0000,0x00000000016a0000)]

siginfo: ExceptionCode=0xc0000005, ExceptionInformation=0x0000000000000008 0x000000000169e868

Registers:
RAX=0x0000000000000001, RBX=0x00000000172c9c00, RCX=0x00000000ffffffff, RDX=0x0000000000000006
RSP=0x000000000169e860, RBP=0x000000000169e838, RSI=0x0000000040000020, RDI=0x0000000000000001
R8 =0x0000000000000001, R9 =0x000000000000001e, R10=0x000000000000003f, R11=0x0000000000000001
R12=0x0000000000000000, R13=0x00000000172c9c00, R14=0x000000000169e868, R15=0x0000000002e04000
RIP=0x000000000169e868, EFLAGS=0x0000000000010206

Top of Stack: (sp=0x000000000169e860)
0x000000000169e860:   00000000d5d59748 00000000d5d59910
0x000000000169e870:   0000000000000001 00000000d5906828
0x000000000169e880:   0000000000000001 00000000d5992a38
0x000000000169e890:   000000000169e870 00000000171865e8
0x000000000169e8a0:   000000000169e950 00000000172159a0
0x000000000169e8b0:   0000000000000000 00000000171866a0
0x000000000169e8c0:   000000000169e858 000000000169e948
0x000000000169e8d0:   000000000169e998 0000000002f57b30
0x000000000169e8e0:   0000000000000000 0000000000000000
0x000000000169e8f0:   0000000000000000 0000000000000000
0x000000000169e900:   00000000d5d59910 0000000000000000
0x000000000169e910:   00000000d5906828 0000000000000000
0x000000000169e920:   00000000d5992a38 00000000d5992a38
0x000000000169e930:   00000000d59928e8 0000000000000000
0x000000000169e940:   00000000d5d59748 00000000d5d59120
0x000000000169e950:   00000000d5d52d10 000000000169e958 

Instructions: (pc=0x000000000169e868)
0x000000000169e848:   00 00 00 00 00 00 00 00 d8 19 f6 02 00 00 00 00
0x000000000169e858:   00 00 00 00 00 00 00 00 48 97 d5 d5 00 00 00 00
0x000000000169e868:   10 99 d5 d5 00 00 00 00 01 00 00 00 00 00 00 00
0x000000000169e878:   28 68 90 d5 00 00 00 00 01 00 00 00 00 00 00 00 


Register to memory mapping:

RAX=0x0000000000000001 is an unknown value
RBX={method} {0x00000000172c9c08} 'load' '(Ljava/lang/String;Z)V' in 'java/lang/ClassLoader$NativeLibrary'
RCX=0x00000000ffffffff is an unallocated location in the heap
RDX=0x0000000000000006 is an unknown value
RSP=0x000000000169e860 is pointing into the stack for thread: 0x0000000002e04000
RBP=0x000000000169e838 is pointing into the stack for thread: 0x0000000002e04000
RSI=0x0000000040000020 is an unknown value
RDI=0x0000000000000001 is an unknown value
R8 =0x0000000000000001 is an unknown value
R9 =0x000000000000001e is an unknown value
R10=0x000000000000003f is an unknown value
R11=0x0000000000000001 is an unknown value
R12=0x0000000000000000 is an unknown value
R13={method} {0x00000000172c9c08} 'load' '(Ljava/lang/String;Z)V' in 'java/lang/ClassLoader$NativeLibrary'
R14=0x000000000169e868 is pointing into the stack for thread: 0x0000000002e04000
R15=0x0000000002e04000 is a thread


Stack: [0x00000000015a0000,0x00000000016a0000],  sp=0x000000000169e860,  free space=1018k
Native frames: (J=compiled Java code, j=interpreted, Vv=VM code, C=native code)
C  0x000000000169e868

Java frames: (J=compiled Java code, j=interpreted, Vv=VM code)
j  java.lang.ClassLoader$NativeLibrary.load(Ljava/lang/String;Z)V+0
j  java.lang.ClassLoader.loadLibrary0(Ljava/lang/Class;Ljava/io/File;)Z+328
j  java.lang.ClassLoader.loadLibrary(Ljava/lang/Class;Ljava/lang/String;Z)V+290
j  java.lang.Runtime.loadLibrary0(Ljava/lang/Class;Ljava/lang/String;)V+54
j  java.lang.System.loadLibrary(Ljava/lang/String;)V+7
j  my.snippets.jni.CalculadoraJNI.<clinit>()V+2
v  ~StubRoutines::call_stub
j  my.snippets.jni.TestaCalculadoraJNI.main([Ljava/lang/String;)V+8
v  ~StubRoutines::call_stub

---------------  P R O C E S S  ---------------

Java Threads: ( => current thread )
  0x0000000019268000 JavaThread "Service Thread" daemon [_thread_blocked, id=9948, stack(0x0000000019860000,0x0000000019960000)]
  0x0000000017b6e800 JavaThread "C1 CompilerThread2" daemon [_thread_blocked, id=6428, stack(0x0000000019760000,0x0000000019860000)]
  0x0000000017b6d800 JavaThread "C2 CompilerThread1" daemon [_thread_blocked, id=7588, stack(0x0000000019660000,0x0000000019760000)]
  0x0000000017b11000 JavaThread "C2 CompilerThread0" daemon [_thread_blocked, id=13996, stack(0x0000000019160000,0x0000000019260000)]
  0x0000000017b10000 JavaThread "Attach Listener" daemon [_thread_blocked, id=13180, stack(0x0000000019060000,0x0000000019160000)]
  0x0000000017b0e800 JavaThread "Signal Dispatcher" daemon [_thread_blocked, id=14292, stack(0x0000000018f60000,0x0000000019060000)]
  0x0000000017afa800 JavaThread "Finalizer" daemon [_thread_blocked, id=2980, stack(0x0000000018d70000,0x0000000018e70000)]
  0x0000000002ef2000 JavaThread "Reference Handler" daemon [_thread_blocked, id=14012, stack(0x0000000018c70000,0x0000000018d70000)]
=>0x0000000002e04000 JavaThread "main" [_thread_in_native, id=11236, stack(0x00000000015a0000,0x00000000016a0000)]

Other Threads:
  0x0000000017ad7800 VMThread [stack: 0x0000000018b70000,0x0000000018c70000] [id=14124]
  0x000000001927c000 WatcherThread [stack: 0x0000000019960000,0x0000000019a60000] [id=9400]

VM state:not at safepoint (normal execution)

VM Mutex/Monitor currently owned by a thread: None

Heap:
 PSYoungGen      total 38400K, used 4880K [0x00000000d5900000, 0x00000000d8380000, 0x0000000100000000)
  eden space 33280K, 14% used [0x00000000d5900000,0x00000000d5dc4350,0x00000000d7980000)
  from space 5120K, 0% used [0x00000000d7e80000,0x00000000d7e80000,0x00000000d8380000)
  to   space 5120K, 0% used [0x00000000d7980000,0x00000000d7980000,0x00000000d7e80000)
 ParOldGen       total 87552K, used 0K [0x0000000080a00000, 0x0000000085f80000, 0x00000000d5900000)
  object space 87552K, 0% used [0x0000000080a00000,0x0000000080a00000,0x0000000085f80000)
 Metaspace       used 2688K, capacity 4486K, committed 4864K, reserved 1056768K
  class space    used 300K, capacity 386K, committed 512K, reserved 1048576K

Card table byte_map: [0x0000000012310000,0x0000000012710000] byte_map_base: 0x0000000011f0b000

Marking Bits: (ParMarkBitMap*) 0x0000000055e8a6d0
 Begin Bits: [0x0000000012dc0000, 0x0000000014d98000)
 End Bits:   [0x0000000014d98000, 0x0000000016d70000)

Polling page: 0x0000000001270000

CodeCache: size=245760Kb used=1203Kb max_used=1211Kb free=244556Kb
 bounds [0x0000000002f50000, 0x00000000031c0000, 0x0000000011f50000]
 total_blobs=308 nmethods=74 adapters=147
 compilation: enabled

Compilation events (10 events):
Event: 0.147 Thread 0x0000000017b6d800   70 %     4       java.util.jar.JarFile::match @ 14 (116 bytes)
Event: 0.150 Thread 0x0000000017b6d800 nmethod 70% 0x0000000003071050 code [0x00000000030711a0, 0x0000000003071558]
Event: 0.151 Thread 0x0000000017b6d800   71       4       java.util.jar.JarFile::match (116 bytes)
Event: 0.154 Thread 0x0000000017b6d800 nmethod 71 0x000000000307d4d0 code [0x000000000307d620, 0x000000000307d898]
Event: 0.162 Thread 0x0000000017b6e800   72       3       java.lang.String::toCharArray (25 bytes)
Event: 0.163 Thread 0x0000000017b6e800 nmethod 72 0x0000000003070b90 code [0x0000000003070d00, 0x0000000003070f88]
Event: 0.165 Thread 0x0000000017b6e800   73       3       java.lang.String::<init> (10 bytes)
Event: 0.165 Thread 0x0000000017b6e800 nmethod 73 0x000000000307d110 code [0x000000000307d260, 0x000000000307d430]
Event: 0.166 Thread 0x0000000017b6e800   74       3       java.lang.StringBuilder::toString (17 bytes)
Event: 0.166 Thread 0x0000000017b6e800 nmethod 74 0x000000000307ccd0 code [0x000000000307ce40, 0x000000000307d048]

GC Heap History (0 events):
No events

Deoptimization events (1 events):
Event: 0.159 Thread 0x0000000002e04000 Uncommon trap: reason=unstable_if action=reinterpret pc=0x0000000003070a78 method=java.lang.String.hashCode()I @ 14

Internal exceptions (2 events):
Event: 0.026 Thread 0x0000000002e04000 Exception <a 'java/lang/NoSuchMethodError': Method sun.misc.Unsafe.defineClass(Ljava/lang/String;[BII)Ljava/lang/Class; name or signature does not match> (0x00000000d5907cc0) thrown at [C:\re\workspace\8-2-build-windows-amd64-cygwin\jdk8u101\7261\hotspot\ssi1šš?
Event: 0.026 Thread 0x0000000002e04000 Exception <a 'java/lang/NoSuchMethodError': Method sun.misc.Unsafe.prefetchRead(Ljava/lang/Object;J)V name or signature does not match> (0x00000000d5907fa8) thrown at [C:\re\workspace\8-2-build-windows-amd64-cygwin\jdk8u101\7261\hotspot\src\share\vm\prims\

Events (10 events):
Event: 0.162 loading class sun/launcher/LauncherHelper$FXHelper
Event: 0.162 loading class sun/launcher/LauncherHelper$FXHelper done
Event: 0.162 loading class java/lang/Class$MethodArray
Event: 0.162 loading class java/lang/Class$MethodArray done
Event: 0.162 loading class java/lang/Void
Event: 0.162 loading class java/lang/Void done
Event: 0.162 loading class my/snippets/jni/CalculadoraJNI
Event: 0.162 loading class my/snippets/jni/CalculadoraJNI done
Event: 0.164 loading class java/lang/ClassLoaderHelper
Event: 0.165 loading class java/lang/ClassLoaderHelper done


Dynamic libraries:
0x00007ff6744c0000 - 0x00007ff6744f7000 	C:\Program Files\Java\jre1.8.0_101\bin\javaw.exe
0x00007ffbd9e10000 - 0x00007ffbd9fe1000 	C:\WINDOWS\SYSTEM32\ntdll.dll
0x00007ffbd8420000 - 0x00007ffbd84cb000 	C:\WINDOWS\System32\KERNEL32.DLL
0x00007ffbd6eb0000 - 0x00007ffbd70cd000 	C:\WINDOWS\System32\KERNELBASE.dll
0x00007ffbd73a0000 - 0x00007ffbd7442000 	C:\WINDOWS\System32\ADVAPI32.dll
0x00007ffbd7e50000 - 0x00007ffbd7eee000 	C:\WINDOWS\System32\msvcrt.dll
0x00007ffbd81a0000 - 0x00007ffbd81f9000 	C:\WINDOWS\System32\sechost.dll
0x00007ffbd76f0000 - 0x00007ffbd7811000 	C:\WINDOWS\System32\RPCRT4.dll
0x00007ffbd8200000 - 0x00007ffbd8365000 	C:\WINDOWS\System32\USER32.dll
0x00007ffbd6e90000 - 0x00007ffbd6eae000 	C:\WINDOWS\System32\win32u.dll
0x00007ffbd7cc0000 - 0x00007ffbd7cf4000 	C:\WINDOWS\System32\GDI32.dll
0x00007ffbd6410000 - 0x00007ffbd6592000 	C:\WINDOWS\System32\gdi32full.dll
0x00007ffbd2a20000 - 0x00007ffbd2c99000 	C:\WINDOWS\WinSxS\amd64_microsoft.windows.common-controls_6595b64144ccf1df_6.0.14393.447_none_42191651c6827bb3\COMCTL32.dll
0x00007ffbd79f0000 - 0x00007ffbd7cb8000 	C:\WINDOWS\System32\combase.dll
0x00007ffbd66b0000 - 0x00007ffbd67a5000 	C:\WINDOWS\System32\ucrtbase.dll
0x00007ffbd6640000 - 0x00007ffbd66aa000 	C:\WINDOWS\System32\bcryptPrimitives.dll
0x00007ffbd83f0000 - 0x00007ffbd841e000 	C:\WINDOWS\System32\IMM32.DLL
0x0000000055fd0000 - 0x00000000560a2000 	C:\Program Files\Java\jre1.8.0_101\bin\msvcr100.dll
0x0000000055670000 - 0x0000000055f0a000 	C:\Program Files\Java\jre1.8.0_101\bin\server\jvm.dll
0x00007ffbd8130000 - 0x00007ffbd8138000 	C:\WINDOWS\System32\PSAPI.DLL
0x00007ffbc7d10000 - 0x00007ffbc7d19000 	C:\WINDOWS\SYSTEM32\WSOCK32.dll
0x00007ffbd7d70000 - 0x00007ffbd7dda000 	C:\WINDOWS\System32\WS2_32.dll
0x00007ffbd4120000 - 0x00007ffbd4143000 	C:\WINDOWS\SYSTEM32\WINMM.dll
0x00007ffbd2a00000 - 0x00007ffbd2a0a000 	C:\WINDOWS\SYSTEM32\VERSION.dll
0x00007ffbd3e40000 - 0x00007ffbd3e6b000 	C:\WINDOWS\SYSTEM32\WINMMBASE.dll
0x00007ffbd7350000 - 0x00007ffbd7392000 	C:\WINDOWS\System32\cfgmgr32.dll
0x0000000056190000 - 0x000000005619f000 	C:\Program Files\Java\jre1.8.0_101\bin\verify.dll
0x0000000056160000 - 0x0000000056189000 	C:\Program Files\Java\jre1.8.0_101\bin\java.dll
0x0000000056140000 - 0x0000000056156000 	C:\Program Files\Java\jre1.8.0_101\bin\zip.dll
0x00007ffbd8900000 - 0x00007ffbd9e09000 	C:\WINDOWS\System32\SHELL32.dll
0x00007ffbd67b0000 - 0x00007ffbd6e8a000 	C:\WINDOWS\System32\windows.storage.dll
0x00007ffbd6280000 - 0x00007ffbd62cc000 	C:\WINDOWS\System32\powrprof.dll
0x00007ffbd8140000 - 0x00007ffbd8192000 	C:\WINDOWS\System32\shlwapi.dll
0x00007ffbd62d0000 - 0x00007ffbd62df000 	C:\WINDOWS\System32\kernel.appcore.dll
0x00007ffbd6360000 - 0x00007ffbd6409000 	C:\WINDOWS\System32\shcore.dll
0x00007ffbd62e0000 - 0x00007ffbd62f4000 	C:\WINDOWS\System32\profapi.dll
0x00000004c0790000 - 0x00000004c07b4000 	D:\Git\Examples\my.examples\src\my\snippets\jni\ProjetoC.dll
0x0000000180040000 - 0x0000000180610000 	C:\cygwin64\bin\cygwin1.dll
0x0000000055210000 - 0x00000000553a6000 	C:\Program Files\Microsoft SQL Server\120\Shared\dbghelp.dll

VM Arguments:
jvm_args: -Dfile.encoding=Cp1252 
java_command: my.snippets.jni.TestaCalculadoraJNI 2 3
java_class_path (initial): D:\IDEs\eclipse-rcp-mars-2-win32-x86_64\eclipse\plugins\javax.inject_1.0.0.v20091030.jar;D:\IDEs\eclipse-rcp-mars-2-win32-x86_64\eclipse\plugins\org.eclipse.swt_3.104.2.v20160212-1350.jar;D:\IDEs\eclipse-rcp-mars-2-win32-x86_64\eclipse\plugins\org.eclipse.swt.nl_pt_BR_4.5.0.v20151128060001.jar;D:\IDEs\eclipse-rcp-mars-2-win32-x86_64\eclipse\plugins\org.eclipse.swt.win32.win32.x86_64_3.104.2.v20160212-1350.jar;D:\IDEs\eclipse-rcp-mars-2-win32-x86_64\eclipse\plugins\org.eclipse.swt.win32.win32.x86_64.nl_pt_BR_4.5.0.v20151128060001.jar;D:\IDEs\eclipse-rcp-mars-2-win32-x86_64\eclipse\plugins\org.eclipse.e4.ui.model.workbench_1.1.100.v20150407-1430.jar;D:\IDEs\eclipse-rcp-mars-2-win32-x86_64\eclipse\plugins\org.eclipse.jface_3.11.1.v20160128-1644.jar;D:\IDEs\eclipse-rcp-mars-2-win32-x86_64\eclipse\plugins\org.eclipse.core.commands_3.7.0.v20150422-0725.jar;D:\IDEs\eclipse-rcp-mars-2-win32-x86_64\eclipse\plugins\org.eclipse.e4.ui.services_1.2.0.v20150422-0725.jar;D:\IDEs\eclipse-rcp-mars-2-win32-x86_64\eclipse\plugins\org.eclipse.e4.ui.workbench_1.3.1.v20160203-0951.jar;D:\IDEs\eclipse-rcp-mars-2-win32-x86_64\eclipse\plugins\org.eclipse.e4.core.di_1.5.0.v20150421-2214.jar;D:\IDEs\eclipse-rcp-mars-2-win32-x86_64\eclipse\plugins\org.eclipse.e4.core.di.annotations_1.4.0.v20150528-1451.jar;D:\IDEs\eclipse-rcp-mars-2-win32-x86_64\eclipse\plugins\org.eclipse.e4.ui.di_1.1.0.v20150422-0725.jar;D:\IDEs\eclipse-rcp-mars-2-win32-x86_64\eclipse\plugins\org.eclipse.e4.core.contexts_1.4.0.v20150828-0818.jar;D:\IDEs\eclipse-rcp-mars-2-win32-x86_64\eclipse\plugins\org.eclipse.core.runtime_3.11.1.v20150903-1804.jar;D:\IDEs\eclipse-rcp-mars-2-win32-x86_64\eclipse\plugins\javax.annotation_1.2.0.v201401042248.jar;D:\IDEs\eclipse-rcp-mars-2-win32-x86_64\eclipse\plugins\org.eclipse.osgi_3.10.102.v20160118-1700.jar;D:\IDEs\eclipse-rcp-mars-2-win32-x86_64\eclipse\plugins\javax.transaction_1.1.1.v201105210645.jar;D:\IDEs\eclipse-rcp-mars-2-win32-x86_64\eclipse\plugins\
Launcher Type: SUN_STANDARD

Environment Variables:
JAVA_HOME=C:\Program Files\Java\jdk1.8.0_101\
PATH=C:/Program Files/Java/jre1.8.0_101/bin/server;C:/Program Files/Java/jre1.8.0_101/bin;C:/Program Files/Java/jre1.8.0_101/lib/amd64;C:\ProgramData\Oracle\Java\javapath;C:\Program Files (x86)\NVIDIA Corporation\PhysX\Common;C:\WINDOWS\system32;C:\WINDOWS;C:\WINDOWS\System32\Wbem;C:\WINDOWS\System32\WindowsPowerShell\v1.0\;C:\Program Files\Microsoft SQL Server\Client SDK\ODBC\110\Tools\Binn\;C:\Program Files (x86)\Microsoft SQL Server\120\Tools\Binn\;C:\Program Files\Microsoft SQL Server\120\Tools\Binn\;C:\Program Files\Microsoft SQL Server\120\DTS\Binn\;C:\WINDOWS\system32\config\systemprofile\.dnx\bin;C:\Program Files\Microsoft DNX\Dnvm\;C:\Program Files\Microsoft SQL Server\130\Tools\Binn\;C:\Program Files (x86)\Windows Kits\8.1\Windows Performance Toolkit\;C:\Program Files\Java\jdk1.8.0_101\\bin;C:\cygwin64\bin;C:\Users\daniel.yampolschi\AppData\Local\Microsoft\WindowsApps;;D:\IDEs\eclipse-rcp-mars-2-win32-x86_64\eclipse;
USERNAME=daniel.yampolschi
OS=Windows_NT
PROCESSOR_IDENTIFIER=Intel64 Family 6 Model 42 Stepping 7, GenuineIntel



---------------  S Y S T E M  ---------------

OS: Windows 10.0 , 64 bit Build 14393 (10.0.14393.0)

CPU:total 4 (4 cores per cpu, 1 threads per core) family 6 model 42 stepping 7, cmov, cx8, fxsr, mmx, sse, sse2, sse3, ssse3, sse4.1, sse4.2, popcnt, avx, aes, clmul, tsc, tscinvbit

Memory: 4k page, physical 8344624k(2536264k free), swap 11686232k(3267704k free)

vm_info: Java HotSpot(TM) 64-Bit Server VM (25.101-b13) for windows-amd64 JRE (1.8.0_101-b13), built on Jun 22 2016 01:21:29 by "java_re" with MS VC++ 10.0 (VS2010)

time: Wed Dec 21 15:10:18 2016
elapsed time: 0 seconds (0d 0h 0m 0s)

